running build
running config_cc
INFO: unifing config_cc, config, build_clib, build_ext, build commands --compiler options
running config_fc
INFO: unifing config_fc, config, build_clib, build_ext, build commands --fcompiler options
running build_src
INFO: build_src
INFO: building extension "CH5p_PIP" sources
INFO: f2py options: []
INFO: f2py:> /tmp/tmp2x077x58/src.linux-x86_64-3.11/CH5p_PIPmodule.c
creating /tmp/tmp2x077x58/src.linux-x86_64-3.11
Reading fortran codes...
	Reading file 'CH5p_PIP.f90' (format:free)
Traceback (most recent call last):
  File "/home/truhlard/shuxx055/anaconda3/envs/test/bin/f2py3", line 8, in <module>
    sys.exit(main())
             ^^^^^^
  File "/home/truhlard/shuxx055/anaconda3/envs/test/lib/python3.11/site-packages/numpy/f2py/f2py2e.py", line 702, in main
    run_compile()
  File "/home/truhlard/shuxx055/anaconda3/envs/test/lib/python3.11/site-packages/numpy/f2py/f2py2e.py", line 669, in run_compile
    setup(ext_modules=[ext])
  File "/home/truhlard/shuxx055/anaconda3/envs/test/lib/python3.11/site-packages/numpy/distutils/core.py", line 169, in setup
    return old_setup(**new_attr)
           ^^^^^^^^^^^^^^^^^^^^^
  File "/home/truhlard/shuxx055/anaconda3/envs/test/lib/python3.11/site-packages/setuptools/__init__.py", line 107, in setup
    return distutils.core.setup(**attrs)
           ^^^^^^^^^^^^^^^^^^^^^^^^^^^^^
  File "/home/truhlard/shuxx055/anaconda3/envs/test/lib/python3.11/site-packages/setuptools/_distutils/core.py", line 185, in setup
    return run_commands(dist)
           ^^^^^^^^^^^^^^^^^^
  File "/home/truhlard/shuxx055/anaconda3/envs/test/lib/python3.11/site-packages/setuptools/_distutils/core.py", line 201, in run_commands
    dist.run_commands()
  File "/home/truhlard/shuxx055/anaconda3/envs/test/lib/python3.11/site-packages/setuptools/_distutils/dist.py", line 969, in run_commands
    self.run_command(cmd)
  File "/home/truhlard/shuxx055/anaconda3/envs/test/lib/python3.11/site-packages/setuptools/dist.py", line 1234, in run_command
    super().run_command(command)
  File "/home/truhlard/shuxx055/anaconda3/envs/test/lib/python3.11/site-packages/setuptools/_distutils/dist.py", line 988, in run_command
    cmd_obj.run()
  File "/home/truhlard/shuxx055/anaconda3/envs/test/lib/python3.11/site-packages/numpy/distutils/command/build.py", line 62, in run
    old_build.run(self)
  File "/home/truhlard/shuxx055/anaconda3/envs/test/lib/python3.11/site-packages/setuptools/_distutils/command/build.py", line 131, in run
    self.run_command(cmd_name)
  File "/home/truhlard/shuxx055/anaconda3/envs/test/lib/python3.11/site-packages/setuptools/_distutils/cmd.py", line 318, in run_command
    self.distribution.run_command(command)
  File "/home/truhlard/shuxx055/anaconda3/envs/test/lib/python3.11/site-packages/setuptools/dist.py", line 1234, in run_command
    super().run_command(command)
  File "/home/truhlard/shuxx055/anaconda3/envs/test/lib/python3.11/site-packages/setuptools/_distutils/dist.py", line 988, in run_command
    cmd_obj.run()
  File "/home/truhlard/shuxx055/anaconda3/envs/test/lib/python3.11/site-packages/numpy/distutils/command/build_src.py", line 144, in run
    self.build_sources()
  File "/home/truhlard/shuxx055/anaconda3/envs/test/lib/python3.11/site-packages/numpy/distutils/command/build_src.py", line 161, in build_sources
    self.build_extension_sources(ext)
  File "/home/truhlard/shuxx055/anaconda3/envs/test/lib/python3.11/site-packages/numpy/distutils/command/build_src.py", line 321, in build_extension_sources
    sources = self.f2py_sources(sources, ext)
              ^^^^^^^^^^^^^^^^^^^^^^^^^^^^^^^
  File "/home/truhlard/shuxx055/anaconda3/envs/test/lib/python3.11/site-packages/numpy/distutils/command/build_src.py", line 562, in f2py_sources
    numpy.f2py.run_main(f2py_options + ['--lower',
  File "/home/truhlard/shuxx055/anaconda3/envs/test/lib/python3.11/site-packages/numpy/f2py/f2py2e.py", line 441, in run_main
    postlist = callcrackfortran(files, options)
               ^^^^^^^^^^^^^^^^^^^^^^^^^^^^^^^^
  File "/home/truhlard/shuxx055/anaconda3/envs/test/lib/python3.11/site-packages/numpy/f2py/f2py2e.py", line 342, in callcrackfortran
    postlist = crackfortran.crackfortran(files)
               ^^^^^^^^^^^^^^^^^^^^^^^^^^^^^^^^
  File "/home/truhlard/shuxx055/anaconda3/envs/test/lib/python3.11/site-packages/numpy/f2py/crackfortran.py", line 3320, in crackfortran
    readfortrancode(files, crackline)
  File "/home/truhlard/shuxx055/anaconda3/envs/test/lib/python3.11/site-packages/numpy/f2py/crackfortran.py", line 552, in readfortrancode
    dowithline(finalline)
  File "/home/truhlard/shuxx055/anaconda3/envs/test/lib/python3.11/site-packages/numpy/f2py/crackfortran.py", line 856, in crackline
    analyzeline(m, pat[1], line)
  File "/home/truhlard/shuxx055/anaconda3/envs/test/lib/python3.11/site-packages/numpy/f2py/crackfortran.py", line 1188, in analyzeline
    last_name = updatevars(typespec, selector, attr, edecl)
                ^^^^^^^^^^^^^^^^^^^^^^^^^^^^^^^^^^^^^^^^^^^
  File "/home/truhlard/shuxx055/anaconda3/envs/test/lib/python3.11/site-packages/numpy/f2py/crackfortran.py", line 1665, in updatevars
    el = [x.strip() for x in markoutercomma(entitydecl).split('@,@')]
                             ^^^^^^^^^^^^^^^^^^^^^^^^^^
  File "/home/truhlard/shuxx055/anaconda3/envs/test/lib/python3.11/site-packages/numpy/f2py/crackfortran.py", line 893, in markoutercomma
    assert not f, repr((f, line, l))
AssertionError: (1, ' coef = (/ ', ' coef = (/ ')
